  [1m[36mSQL (0.2ms)[0m  [1mSHOW TABLES[0m
  [1m[35mSQL (100.8ms)[0m  CREATE TABLE `schema_migrations` (`version` varchar(255) NOT NULL) ENGINE=InnoDB
  [1m[36mSQL (0.5ms)[0m  [1mSHOW KEYS FROM `schema_migrations`[0m
  [1m[35mSQL (253.0ms)[0m  CREATE UNIQUE INDEX `unique_schema_migrations` ON `schema_migrations` (`version`)
  [1m[36mSQL (0.3ms)[0m  [1mSHOW TABLES[0m
  [1m[35mSQL (0.3ms)[0m  SHOW TABLES
  [1m[36mSQL (0.2ms)[0m  [1mSHOW TABLES[0m
  [1m[35mSQL (0.1ms)[0m  SELECT `schema_migrations`.`version` FROM `schema_migrations`
  [1m[36mSQL (0.2ms)[0m  [1mSHOW TABLES[0m


Started GET "/" for 127.0.0.1 at Sat Jun 02 17:38:27 -0500 2012
  Processing by HomeController#index as HTML
Rendered home/index.html.erb within layouts/application (3.3ms)
Completed 200 OK in 48ms (Views: 46.6ms | ActiveRecord: 0.0ms)


Started GET "/favicon.ico" for 127.0.0.1 at Sat Jun 02 17:38:38 -0500 2012

ActionController::RoutingError (No route matches "/favicon.ico"):
  

Rendered /Users/paulsutcliffe/.rvm/gems/ruby-1.8.7-p352@dreamhost/gems/actionpack-3.0.3/lib/action_dispatch/middleware/templates/rescues/routing_error.erb within rescues/layout (0.7ms)


Started GET "/" for 127.0.0.1 at Wed Jun 06 15:24:27 -0500 2012
  Processing by HomeController#index as HTML
Rendered home/index.html.erb within layouts/application (1.6ms)
Completed 200 OK in 26ms (Views: 25.8ms | ActiveRecord: 0.0ms)


Started GET "/favicon.ico" for 127.0.0.1 at Wed Jun 06 15:24:28 -0500 2012

ActionController::RoutingError (No route matches "/favicon.ico"):
  

Rendered /Users/paulsutcliffe/.rvm/gems/ruby-1.8.7-p352@dreamhost/gems/actionpack-3.0.3/lib/action_dispatch/middleware/templates/rescues/routing_error.erb within rescues/layout (0.7ms)


Started GET "/gigs" for 127.0.0.1 at Wed Jun 06 15:24:31 -0500 2012
  Processing by GigsController#index as HTML
  [1m[36mGig Load (0.4ms)[0m  [1mSELECT `gigs`.* FROM `gigs`[0m
Mysql::Error: Table 'paulsutcliffe_development.gigs' doesn't exist: SELECT `gigs`.* FROM `gigs`
Rendered gigs/index.html.erb within layouts/application (33.3ms)
Completed   in 49ms

ActionView::Template::Error (Mysql::Error: Table 'paulsutcliffe_development.gigs' doesn't exist: SELECT `gigs`.* FROM `gigs`):
    11:     <th></th>
    12:   </tr>
    13: 
    14: <% @gigs.each do |gig| %>
    15:   <tr>
    16:     <td><%= gig.name %></td>
    17:     <td><%= gig.place %></td>
  app/views/gigs/index.html.erb:14:in `_app_views_gigs_index_html_erb__1561863935_2180109640_0'

Rendered /Users/paulsutcliffe/.rvm/gems/ruby-1.8.7-p352@dreamhost/gems/actionpack-3.0.3/lib/action_dispatch/middleware/templates/rescues/_trace.erb (0.9ms)
  [1m[35mGig Load (0.2ms)[0m  SELECT `gigs`.* FROM `gigs`
Mysql::Error: Table 'paulsutcliffe_development.gigs' doesn't exist: SELECT `gigs`.* FROM `gigs`
  [1m[36mGig Load (0.2ms)[0m  [1mSELECT `gigs`.* FROM `gigs`[0m
Mysql::Error: Table 'paulsutcliffe_development.gigs' doesn't exist: SELECT `gigs`.* FROM `gigs`
Rendered /Users/paulsutcliffe/.rvm/gems/ruby-1.8.7-p352@dreamhost/gems/actionpack-3.0.3/lib/action_dispatch/middleware/templates/rescues/_request_and_response.erb (2.8ms)
Rendered /Users/paulsutcliffe/.rvm/gems/ruby-1.8.7-p352@dreamhost/gems/actionpack-3.0.3/lib/action_dispatch/middleware/templates/rescues/template_error.erb within rescues/layout (9.0ms)


Started GET "/favicon.ico" for 127.0.0.1 at Wed Jun 06 15:24:32 -0500 2012

ActionController::RoutingError (No route matches "/favicon.ico"):
  

Rendered /Users/paulsutcliffe/.rvm/gems/ruby-1.8.7-p352@dreamhost/gems/actionpack-3.0.3/lib/action_dispatch/middleware/templates/rescues/routing_error.erb within rescues/layout (0.6ms)
  [1m[36mSQL (14.8ms)[0m  [1mSHOW TABLES[0m
  [1m[35mSQL (0.3ms)[0m  SHOW TABLES
  [1m[36mSQL (0.3ms)[0m  [1mSELECT `schema_migrations`.`version` FROM `schema_migrations`[0m
Migrating to CreateMetas (20120602223759)
  [1m[35mSQL (74.2ms)[0m  CREATE TABLE `metas` (`id` int(11) DEFAULT NULL auto_increment PRIMARY KEY, `keywords` varchar(255), `description` text, `created_at` datetime, `updated_at` datetime) ENGINE=InnoDB
  [1m[36mSQL (0.5ms)[0m  [1mINSERT INTO `schema_migrations` (`version`) VALUES ('20120602223759')[0m
Migrating to CreateGigs (20120602224023)
  [1m[35mSQL (255.2ms)[0m  CREATE TABLE `gigs` (`id` int(11) DEFAULT NULL auto_increment PRIMARY KEY, `name` varchar(255), `place` varchar(255), `link` varchar(255), `date` date, `created_at` datetime, `updated_at` datetime) ENGINE=InnoDB
  [1m[36mSQL (0.5ms)[0m  [1mINSERT INTO `schema_migrations` (`version`) VALUES ('20120602224023')[0m
Migrating to AddAttachmentImageToGig (20120602224051)
  [1m[35mSQL (131.1ms)[0m  ALTER TABLE `gigs` ADD `image_file_name` varchar(255)
  [1m[36mSQL (110.9ms)[0m  [1mALTER TABLE `gigs` ADD `image_content_type` varchar(255)[0m
  [1m[35mSQL (113.0ms)[0m  ALTER TABLE `gigs` ADD `image_file_size` int(11)
  [1m[36mSQL (100.0ms)[0m  [1mALTER TABLE `gigs` ADD `image_updated_at` datetime[0m
  [1m[35mSQL (0.5ms)[0m  INSERT INTO `schema_migrations` (`version`) VALUES ('20120602224051')
Migrating to CreateScwidgets (20120602224256)
  [1m[36mSQL (181.1ms)[0m  [1mCREATE TABLE `scwidgets` (`id` int(11) DEFAULT NULL auto_increment PRIMARY KEY, `reference` varchar(255), `created_at` datetime, `updated_at` datetime) ENGINE=InnoDB[0m
  [1m[35mSQL (0.4ms)[0m  INSERT INTO `schema_migrations` (`version`) VALUES ('20120602224256')
  [1m[36mSQL (0.8ms)[0m  [1mSHOW TABLES[0m
  [1m[35mSQL (0.3ms)[0m  SELECT `schema_migrations`.`version` FROM `schema_migrations`
  [1m[36mSQL (0.4ms)[0m  [1mSHOW TABLES[0m
  [1m[35mSQL (2.0ms)[0m  describe `gigs`
  [1m[36mSQL (0.3ms)[0m  [1mSHOW KEYS FROM `gigs`[0m
  [1m[35mSQL (1.7ms)[0m  describe `metas`
  [1m[36mSQL (0.3ms)[0m  [1mSHOW KEYS FROM `metas`[0m
  [1m[35mSQL (1.5ms)[0m  describe `scwidgets`
  [1m[36mSQL (0.2ms)[0m  [1mSHOW KEYS FROM `scwidgets`[0m
  [1m[36mSQL (0.3ms)[0m  [1mSHOW TABLES[0m
  [1m[35mSQL (0.2ms)[0m  SHOW TABLES
  [1m[36mSQL (0.2ms)[0m  [1mSELECT `schema_migrations`.`version` FROM `schema_migrations`[0m


Started GET "/gigs" for 127.0.0.1 at Wed Jun 06 15:25:10 -0500 2012
  Processing by GigsController#index as HTML
  [1m[36mGig Load (0.3ms)[0m  [1mSELECT `gigs`.* FROM `gigs`[0m
Rendered gigs/index.html.erb within layouts/application (2.8ms)
Completed 200 OK in 18ms (Views: 16.6ms | ActiveRecord: 0.3ms)


Started GET "/favicon.ico" for 127.0.0.1 at Wed Jun 06 15:25:10 -0500 2012

ActionController::RoutingError (No route matches "/favicon.ico"):
  

Rendered /Users/paulsutcliffe/.rvm/gems/ruby-1.8.7-p352@dreamhost/gems/actionpack-3.0.3/lib/action_dispatch/middleware/templates/rescues/routing_error.erb within rescues/layout (0.6ms)


Started GET "/gigs/new" for 127.0.0.1 at Wed Jun 06 15:25:12 -0500 2012
  Processing by GigsController#new as HTML
Rendered gigs/_form.html.erb (90.0ms)
Rendered gigs/new.html.erb within layouts/application (92.5ms)
Completed   in 172ms

ActionView::Template::Error (can't convert Symbol into String):
    25:   </div>
    26:   <div class="field">
    27:     <%= f.label :date %><br />
    28:     <%= f.date_select :date %>
    29:   </div>
    30:   <div class="actions">
    31:     <%= f.submit %>
  app/views/gigs/_form.html.erb:28:in `_app_views_gigs__form_html_erb___1587745678_2180009540_892030'
  app/views/gigs/_form.html.erb:1:in `_app_views_gigs__form_html_erb___1587745678_2180009540_892030'
  app/views/gigs/new.html.erb:3:in `_app_views_gigs_new_html_erb___1296007492_2180021220_0'

Rendered /Users/paulsutcliffe/.rvm/gems/ruby-1.8.7-p352@dreamhost/gems/actionpack-3.0.3/lib/action_dispatch/middleware/templates/rescues/_trace.erb (1.1ms)
Rendered /Users/paulsutcliffe/.rvm/gems/ruby-1.8.7-p352@dreamhost/gems/actionpack-3.0.3/lib/action_dispatch/middleware/templates/rescues/_request_and_response.erb (62.6ms)
Rendered /Users/paulsutcliffe/.rvm/gems/ruby-1.8.7-p352@dreamhost/gems/actionpack-3.0.3/lib/action_dispatch/middleware/templates/rescues/template_error.erb within rescues/layout (68.8ms)


Started GET "/favicon.ico" for 127.0.0.1 at Wed Jun 06 15:25:12 -0500 2012

ActionController::RoutingError (No route matches "/favicon.ico"):
  

Rendered /Users/paulsutcliffe/.rvm/gems/ruby-1.8.7-p352@dreamhost/gems/actionpack-3.0.3/lib/action_dispatch/middleware/templates/rescues/routing_error.erb within rescues/layout (0.7ms)


Started GET "/gigs/new" for 127.0.0.1 at Wed Jun 06 15:30:49 -0500 2012
  Processing by GigsController#new as HTML
Rendered gigs/_form.html.erb (62.2ms)
Rendered gigs/new.html.erb within layouts/application (66.5ms)
Completed 200 OK in 148ms (Views: 143.4ms | ActiveRecord: 0.0ms)


Started GET "/favicon.ico" for 127.0.0.1 at Wed Jun 06 15:30:50 -0500 2012

ActionController::RoutingError (No route matches "/favicon.ico"):
  

Rendered /Users/paulsutcliffe/.rvm/gems/ruby-1.8.7-p352@dreamhost/gems/actionpack-3.0.3/lib/action_dispatch/middleware/templates/rescues/routing_error.erb within rescues/layout (0.6ms)


Started POST "/gigs" for 127.0.0.1 at Wed Jun 06 15:35:55 -0500 2012
  [1m[36mSQL (0.4ms)[0m  [1mSHOW TABLES[0m
  [1m[35mSQL (0.3ms)[0m  SHOW TABLES

ActionController::RoutingError (undefined method `auto_html_for' for #<Class:0x103d55e40>):
  app/models/gig.rb:2
  app/controllers/gigs_controller.rb:1

Rendered /Users/paulsutcliffe/.rvm/gems/ruby-1.8.7-p352@dreamhost/gems/actionpack-3.0.3/lib/action_dispatch/middleware/templates/rescues/routing_error.erb within rescues/layout (0.7ms)


Started GET "/favicon.ico" for 127.0.0.1 at Wed Jun 06 15:35:55 -0500 2012

ActionController::RoutingError (No route matches "/favicon.ico"):
  

Rendered /Users/paulsutcliffe/.rvm/gems/ruby-1.8.7-p352@dreamhost/gems/actionpack-3.0.3/lib/action_dispatch/middleware/templates/rescues/routing_error.erb within rescues/layout (0.7ms)


Started GET "/gigs" for 127.0.0.1 at Wed Jun 06 15:36:58 -0500 2012
  [1m[36mSQL (0.4ms)[0m  [1mSHOW TABLES[0m
  [1m[35mSQL (0.3ms)[0m  SHOW TABLES

ActionController::RoutingError (undefined method `auto_html_for' for #<Class:0x1041d3148>):
  app/models/gig.rb:2
  app/controllers/gigs_controller.rb:1

Rendered /Users/paulsutcliffe/.rvm/gems/ruby-1.8.7-p352@dreamhost/gems/actionpack-3.0.3/lib/action_dispatch/middleware/templates/rescues/routing_error.erb within rescues/layout (0.7ms)


Started GET "/favicon.ico" for 127.0.0.1 at Wed Jun 06 15:36:58 -0500 2012

ActionController::RoutingError (No route matches "/favicon.ico"):
  

Rendered /Users/paulsutcliffe/.rvm/gems/ruby-1.8.7-p352@dreamhost/gems/actionpack-3.0.3/lib/action_dispatch/middleware/templates/rescues/routing_error.erb within rescues/layout (0.6ms)


Started GET "/gigs" for 127.0.0.1 at Wed Jun 06 15:36:59 -0500 2012
  [1m[36mSQL (0.4ms)[0m  [1mSHOW TABLES[0m
  [1m[35mSQL (0.3ms)[0m  SHOW TABLES

ActionController::RoutingError (undefined method `auto_html_for' for #<Class:0x103e20d98>):
  app/models/gig.rb:2
  app/controllers/gigs_controller.rb:1

Rendered /Users/paulsutcliffe/.rvm/gems/ruby-1.8.7-p352@dreamhost/gems/actionpack-3.0.3/lib/action_dispatch/middleware/templates/rescues/routing_error.erb within rescues/layout (0.7ms)


Started GET "/favicon.ico" for 127.0.0.1 at Wed Jun 06 15:36:59 -0500 2012

ActionController::RoutingError (No route matches "/favicon.ico"):
  

Rendered /Users/paulsutcliffe/.rvm/gems/ruby-1.8.7-p352@dreamhost/gems/actionpack-3.0.3/lib/action_dispatch/middleware/templates/rescues/routing_error.erb within rescues/layout (0.6ms)


Started GET "/gigs" for 127.0.0.1 at Wed Jun 06 15:37:11 -0500 2012
  Processing by GigsController#index as HTML
  [1m[36mGig Load (0.3ms)[0m  [1mSELECT `gigs`.* FROM `gigs`[0m
Rendered gigs/index.html.erb within layouts/application (2.9ms)
Completed 200 OK in 17ms (Views: 16.1ms | ActiveRecord: 0.3ms)


Started GET "/favicon.ico" for 127.0.0.1 at Wed Jun 06 15:37:11 -0500 2012

ActionController::RoutingError (No route matches "/favicon.ico"):
  

Rendered /Users/paulsutcliffe/.rvm/gems/ruby-1.8.7-p352@dreamhost/gems/actionpack-3.0.3/lib/action_dispatch/middleware/templates/rescues/routing_error.erb within rescues/layout (0.7ms)


Started GET "/gigs/new" for 127.0.0.1 at Wed Jun 06 15:37:14 -0500 2012
  Processing by GigsController#new as HTML
Rendered gigs/_form.html.erb (14.0ms)
Rendered gigs/new.html.erb within layouts/application (17.3ms)
Completed 200 OK in 32ms (Views: 31.1ms | ActiveRecord: 0.0ms)


Started GET "/favicon.ico" for 127.0.0.1 at Wed Jun 06 15:37:14 -0500 2012

ActionController::RoutingError (No route matches "/favicon.ico"):
  

Rendered /Users/paulsutcliffe/.rvm/gems/ruby-1.8.7-p352@dreamhost/gems/actionpack-3.0.3/lib/action_dispatch/middleware/templates/rescues/routing_error.erb within rescues/layout (0.7ms)


Started POST "/gigs" for 127.0.0.1 at Wed Jun 06 15:37:31 -0500 2012
  Processing by GigsController#create as HTML
  Parameters: {"commit"=>"Create Gig", "authenticity_token"=>"sAi3gH5Ju6m/EJTLCHEvz6bDF8slOKeGFJjKGzcMeNc=", "utf8"=>"✓", "gig"=>{"name"=>"Bizarro", "date(1i)"=>"2012", "date(2i)"=>"6", "date(3i)"=>"23", "link"=>"www.facebook.com/djpaulsutcliffe", "place"=>"Miraflores, Lima."}}
  [1m[35mSQL (0.1ms)[0m  BEGIN
  [1m[36mSQL (0.4ms)[0m  [1mSHOW TABLES[0m
  [1m[35mSQL (1.9ms)[0m  describe `gigs`
  [1m[36mAREL (1.7ms)[0m  [1mINSERT INTO `gigs` (`link`, `image_updated_at`, `image_file_size`, `date`, `created_at`, `image_content_type`, `image_file_name`, `name`, `updated_at`, `place`) VALUES ('www.facebook.com/djpaulsutcliffe', NULL, NULL, '2012-06-23', '2012-06-06 20:37:31', NULL, NULL, 'Bizarro', '2012-06-06 20:37:31', 'Miraflores, Lima.')[0m
  [1m[35mSQL (0.3ms)[0m  COMMIT
Redirected to http://localhost:3000/gigs/1
Completed 302 Found in 143ms


Started GET "/gigs/1" for 127.0.0.1 at Wed Jun 06 15:37:31 -0500 2012
  Processing by GigsController#show as HTML
  Parameters: {"id"=>"1"}
  [1m[36mGig Load (0.3ms)[0m  [1mSELECT `gigs`.* FROM `gigs` WHERE (`gigs`.`id` = 1) LIMIT 1[0m
Rendered gigs/show.html.erb within layouts/application (6.5ms)
Completed 200 OK in 25ms (Views: 20.5ms | ActiveRecord: 0.3ms)


Started GET "/favicon.ico" for 127.0.0.1 at Wed Jun 06 15:37:31 -0500 2012

ActionController::RoutingError (No route matches "/favicon.ico"):
  

Rendered /Users/paulsutcliffe/.rvm/gems/ruby-1.8.7-p352@dreamhost/gems/actionpack-3.0.3/lib/action_dispatch/middleware/templates/rescues/routing_error.erb within rescues/layout (0.6ms)


Started GET "/gigs" for 127.0.0.1 at Wed Jun 06 15:37:37 -0500 2012
  Processing by GigsController#index as HTML
  [1m[35mGig Load (0.3ms)[0m  SELECT `gigs`.* FROM `gigs`
Rendered gigs/index.html.erb within layouts/application (8.0ms)
Completed 200 OK in 22ms (Views: 20.9ms | ActiveRecord: 0.3ms)


Started GET "/favicon.ico" for 127.0.0.1 at Wed Jun 06 15:37:37 -0500 2012

ActionController::RoutingError (No route matches "/favicon.ico"):
  

Rendered /Users/paulsutcliffe/.rvm/gems/ruby-1.8.7-p352@dreamhost/gems/actionpack-3.0.3/lib/action_dispatch/middleware/templates/rescues/routing_error.erb within rescues/layout (0.7ms)


Started GET "/" for 127.0.0.1 at Wed Jun 06 15:39:20 -0500 2012
  Processing by HomeController#index as HTML
Rendered home/index.html.erb within layouts/application (61.5ms)
Completed 200 OK in 71ms (Views: 70.0ms | ActiveRecord: 0.0ms)


Started GET "/favicon.ico" for 127.0.0.1 at Wed Jun 06 15:39:21 -0500 2012

ActionController::RoutingError (No route matches "/favicon.ico"):
  

Rendered /Users/paulsutcliffe/.rvm/gems/ruby-1.8.7-p352@dreamhost/gems/actionpack-3.0.3/lib/action_dispatch/middleware/templates/rescues/routing_error.erb within rescues/layout (0.7ms)


Started GET "/" for 127.0.0.1 at Wed Jun 06 15:54:51 -0500 2012
  Processing by HomeController#index as HTML
  [1m[36mGig Load (0.3ms)[0m  [1mSELECT `gigs`.* FROM `gigs` ORDER BY ASC by date LIMIT 6[0m
Mysql::Error: You have an error in your SQL syntax; check the manual that corresponds to your MySQL server version for the right syntax to use near 'ASC by date LIMIT 6' at line 1: SELECT  `gigs`.* FROM `gigs` ORDER BY ASC by date LIMIT 6
Rendered home/index.html.erb within layouts/application (1.4ms)
Completed   in 16ms

ActionView::Template::Error (Mysql::Error: You have an error in your SQL syntax; check the manual that corresponds to your MySQL server version for the right syntax to use near 'ASC by date LIMIT 6' at line 1: SELECT  `gigs`.* FROM `gigs` ORDER BY ASC by date LIMIT 6):
    7: <%= link_to 'soundcloud', "http://www.soundcloud.com/djpaulsutcliffe" %>
    8: 
    9: 
    10: <%= @gigs.each do |gig| %>
    11: 	<%= link_to gig.name, gig.link_html %>
    12: 	<%= gig.place %>
    13: 	<%= gig.date %>
  app/views/home/index.html.erb:10:in `_app_views_home_index_html_erb___2037307054_2179534680_0'

Rendered /Users/paulsutcliffe/.rvm/gems/ruby-1.8.7-p352@dreamhost/gems/actionpack-3.0.3/lib/action_dispatch/middleware/templates/rescues/_trace.erb (0.9ms)
  [1m[35mGig Load (0.2ms)[0m  SELECT `gigs`.* FROM `gigs` ORDER BY ASC by date LIMIT 6
Mysql::Error: You have an error in your SQL syntax; check the manual that corresponds to your MySQL server version for the right syntax to use near 'ASC by date LIMIT 6' at line 1: SELECT  `gigs`.* FROM `gigs` ORDER BY ASC by date LIMIT 6
  [1m[36mGig Load (0.1ms)[0m  [1mSELECT `gigs`.* FROM `gigs` ORDER BY ASC by date LIMIT 6[0m
Mysql::Error: You have an error in your SQL syntax; check the manual that corresponds to your MySQL server version for the right syntax to use near 'ASC by date LIMIT 6' at line 1: SELECT  `gigs`.* FROM `gigs` ORDER BY ASC by date LIMIT 6
Rendered /Users/paulsutcliffe/.rvm/gems/ruby-1.8.7-p352@dreamhost/gems/actionpack-3.0.3/lib/action_dispatch/middleware/templates/rescues/_request_and_response.erb (2.8ms)
Rendered /Users/paulsutcliffe/.rvm/gems/ruby-1.8.7-p352@dreamhost/gems/actionpack-3.0.3/lib/action_dispatch/middleware/templates/rescues/template_error.erb within rescues/layout (8.1ms)


Started GET "/favicon.ico" for 127.0.0.1 at Wed Jun 06 15:54:52 -0500 2012

ActionController::RoutingError (No route matches "/favicon.ico"):
  

Rendered /Users/paulsutcliffe/.rvm/gems/ruby-1.8.7-p352@dreamhost/gems/actionpack-3.0.3/lib/action_dispatch/middleware/templates/rescues/routing_error.erb within rescues/layout (0.6ms)


Started GET "/" for 127.0.0.1 at Wed Jun 06 15:55:16 -0500 2012
  Processing by HomeController#index as HTML
  [1m[35mGig Load (0.3ms)[0m  SELECT `gigs`.* FROM `gigs` ORDER BY ASC date LIMIT 6
Mysql::Error: You have an error in your SQL syntax; check the manual that corresponds to your MySQL server version for the right syntax to use near 'ASC date LIMIT 6' at line 1: SELECT  `gigs`.* FROM `gigs` ORDER BY ASC date LIMIT 6
Rendered home/index.html.erb within layouts/application (1.4ms)
Completed   in 16ms

ActionView::Template::Error (Mysql::Error: You have an error in your SQL syntax; check the manual that corresponds to your MySQL server version for the right syntax to use near 'ASC date LIMIT 6' at line 1: SELECT  `gigs`.* FROM `gigs` ORDER BY ASC date LIMIT 6):
    7: <%= link_to 'soundcloud', "http://www.soundcloud.com/djpaulsutcliffe" %>
    8: 
    9: 
    10: <%= @gigs.each do |gig| %>
    11: 	<%= link_to gig.name, gig.link_html %>
    12: 	<%= gig.place %>
    13: 	<%= gig.date %>
  app/views/home/index.html.erb:10:in `_app_views_home_index_html_erb___2037307054_2177608880_0'

Rendered /Users/paulsutcliffe/.rvm/gems/ruby-1.8.7-p352@dreamhost/gems/actionpack-3.0.3/lib/action_dispatch/middleware/templates/rescues/_trace.erb (0.8ms)
  [1m[36mGig Load (0.2ms)[0m  [1mSELECT `gigs`.* FROM `gigs` ORDER BY ASC date LIMIT 6[0m
Mysql::Error: You have an error in your SQL syntax; check the manual that corresponds to your MySQL server version for the right syntax to use near 'ASC date LIMIT 6' at line 1: SELECT  `gigs`.* FROM `gigs` ORDER BY ASC date LIMIT 6
  [1m[35mGig Load (0.1ms)[0m  SELECT `gigs`.* FROM `gigs` ORDER BY ASC date LIMIT 6
Mysql::Error: You have an error in your SQL syntax; check the manual that corresponds to your MySQL server version for the right syntax to use near 'ASC date LIMIT 6' at line 1: SELECT  `gigs`.* FROM `gigs` ORDER BY ASC date LIMIT 6
Rendered /Users/paulsutcliffe/.rvm/gems/ruby-1.8.7-p352@dreamhost/gems/actionpack-3.0.3/lib/action_dispatch/middleware/templates/rescues/_request_and_response.erb (2.5ms)
Rendered /Users/paulsutcliffe/.rvm/gems/ruby-1.8.7-p352@dreamhost/gems/actionpack-3.0.3/lib/action_dispatch/middleware/templates/rescues/template_error.erb within rescues/layout (7.3ms)


Started GET "/favicon.ico" for 127.0.0.1 at Wed Jun 06 15:55:16 -0500 2012

ActionController::RoutingError (No route matches "/favicon.ico"):
  

Rendered /Users/paulsutcliffe/.rvm/gems/ruby-1.8.7-p352@dreamhost/gems/actionpack-3.0.3/lib/action_dispatch/middleware/templates/rescues/routing_error.erb within rescues/layout (0.6ms)


Started GET "/" for 127.0.0.1 at Wed Jun 06 15:55:17 -0500 2012
  Processing by HomeController#index as HTML
  [1m[36mGig Load (0.3ms)[0m  [1mSELECT `gigs`.* FROM `gigs` ORDER BY ASC date LIMIT 6[0m
Mysql::Error: You have an error in your SQL syntax; check the manual that corresponds to your MySQL server version for the right syntax to use near 'ASC date LIMIT 6' at line 1: SELECT  `gigs`.* FROM `gigs` ORDER BY ASC date LIMIT 6
Rendered home/index.html.erb within layouts/application (1.5ms)
Completed   in 17ms

ActionView::Template::Error (Mysql::Error: You have an error in your SQL syntax; check the manual that corresponds to your MySQL server version for the right syntax to use near 'ASC date LIMIT 6' at line 1: SELECT  `gigs`.* FROM `gigs` ORDER BY ASC date LIMIT 6):
    7: <%= link_to 'soundcloud', "http://www.soundcloud.com/djpaulsutcliffe" %>
    8: 
    9: 
    10: <%= @gigs.each do |gig| %>
    11: 	<%= link_to gig.name, gig.link_html %>
    12: 	<%= gig.place %>
    13: 	<%= gig.date %>
  app/views/home/index.html.erb:10:in `_app_views_home_index_html_erb___2037307054_2180576100_0'

Rendered /Users/paulsutcliffe/.rvm/gems/ruby-1.8.7-p352@dreamhost/gems/actionpack-3.0.3/lib/action_dispatch/middleware/templates/rescues/_trace.erb (0.9ms)
  [1m[35mGig Load (0.2ms)[0m  SELECT `gigs`.* FROM `gigs` ORDER BY ASC date LIMIT 6
Mysql::Error: You have an error in your SQL syntax; check the manual that corresponds to your MySQL server version for the right syntax to use near 'ASC date LIMIT 6' at line 1: SELECT  `gigs`.* FROM `gigs` ORDER BY ASC date LIMIT 6
  [1m[36mGig Load (0.1ms)[0m  [1mSELECT `gigs`.* FROM `gigs` ORDER BY ASC date LIMIT 6[0m
Mysql::Error: You have an error in your SQL syntax; check the manual that corresponds to your MySQL server version for the right syntax to use near 'ASC date LIMIT 6' at line 1: SELECT  `gigs`.* FROM `gigs` ORDER BY ASC date LIMIT 6
Rendered /Users/paulsutcliffe/.rvm/gems/ruby-1.8.7-p352@dreamhost/gems/actionpack-3.0.3/lib/action_dispatch/middleware/templates/rescues/_request_and_response.erb (2.7ms)
Rendered /Users/paulsutcliffe/.rvm/gems/ruby-1.8.7-p352@dreamhost/gems/actionpack-3.0.3/lib/action_dispatch/middleware/templates/rescues/template_error.erb within rescues/layout (7.7ms)


Started GET "/favicon.ico" for 127.0.0.1 at Wed Jun 06 15:55:17 -0500 2012

ActionController::RoutingError (No route matches "/favicon.ico"):
  

Rendered /Users/paulsutcliffe/.rvm/gems/ruby-1.8.7-p352@dreamhost/gems/actionpack-3.0.3/lib/action_dispatch/middleware/templates/rescues/routing_error.erb within rescues/layout (0.7ms)


Started GET "/" for 127.0.0.1 at Wed Jun 06 15:55:27 -0500 2012
  Processing by HomeController#index as HTML
  [1m[35mGig Load (0.3ms)[0m  SELECT `gigs`.* FROM `gigs` ORDER BY date LIMIT 6
Rendered home/index.html.erb within layouts/application (6.7ms)
Completed 200 OK in 22ms (Views: 14.5ms | ActiveRecord: 0.9ms)


Started GET "/favicon.ico" for 127.0.0.1 at Wed Jun 06 15:55:27 -0500 2012

ActionController::RoutingError (No route matches "/favicon.ico"):
  

Rendered /Users/paulsutcliffe/.rvm/gems/ruby-1.8.7-p352@dreamhost/gems/actionpack-3.0.3/lib/action_dispatch/middleware/templates/rescues/routing_error.erb within rescues/layout (0.6ms)


Started GET "/" for 127.0.0.1 at Wed Jun 06 15:55:48 -0500 2012
  Processing by HomeController#index as HTML
  [1m[36mGig Load (0.3ms)[0m  [1mSELECT `gigs`.* FROM `gigs` ORDER BY date LIMIT 6[0m
Rendered home/index.html.erb within layouts/application (6.4ms)
Completed 200 OK in 22ms (Views: 14.5ms | ActiveRecord: 0.3ms)


Started GET "/favicon.ico" for 127.0.0.1 at Wed Jun 06 15:55:48 -0500 2012

ActionController::RoutingError (No route matches "/favicon.ico"):
  

Rendered /Users/paulsutcliffe/.rvm/gems/ruby-1.8.7-p352@dreamhost/gems/actionpack-3.0.3/lib/action_dispatch/middleware/templates/rescues/routing_error.erb within rescues/layout (0.6ms)


Started GET "/" for 127.0.0.1 at Wed Jun 06 16:02:01 -0500 2012
  Processing by HomeController#index as HTML
  [1m[35mGig Load (0.3ms)[0m  SELECT `gigs`.* FROM `gigs` ORDER BY date LIMIT 6
Rendered home/index.html.erb within layouts/application (6.7ms)
Completed 200 OK in 21ms (Views: 14.1ms | ActiveRecord: 0.3ms)


Started GET "/favicon.ico" for 127.0.0.1 at Wed Jun 06 16:02:01 -0500 2012

ActionController::RoutingError (No route matches "/favicon.ico"):
  

Rendered /Users/paulsutcliffe/.rvm/gems/ruby-1.8.7-p352@dreamhost/gems/actionpack-3.0.3/lib/action_dispatch/middleware/templates/rescues/routing_error.erb within rescues/layout (0.7ms)


Started GET "/" for 127.0.0.1 at Wed Jun 06 16:02:17 -0500 2012
  Processing by HomeController#index as HTML
  [1m[36mGig Load (0.3ms)[0m  [1mSELECT `gigs`.* FROM `gigs` ORDER BY date LIMIT 6[0m
Rendered home/index.html.erb within layouts/application (6.4ms)
Completed 200 OK in 22ms (Views: 14.4ms | ActiveRecord: 0.3ms)


Started GET "/favicon.ico" for 127.0.0.1 at Wed Jun 06 16:02:17 -0500 2012

ActionController::RoutingError (No route matches "/favicon.ico"):
  

Rendered /Users/paulsutcliffe/.rvm/gems/ruby-1.8.7-p352@dreamhost/gems/actionpack-3.0.3/lib/action_dispatch/middleware/templates/rescues/routing_error.erb within rescues/layout (0.6ms)


Started GET "/" for 127.0.0.1 at Wed Jun 06 16:06:43 -0500 2012
  Processing by HomeController#index as HTML
  [1m[35mGig Load (0.3ms)[0m  SELECT `gigs`.* FROM `gigs` ORDER BY date LIMIT 6
Rendered home/index.html.erb within layouts/application (6.2ms)
Completed 200 OK in 21ms (Views: 14.2ms | ActiveRecord: 0.3ms)


Started GET "/favicon.ico" for 127.0.0.1 at Wed Jun 06 16:06:43 -0500 2012

ActionController::RoutingError (No route matches "/favicon.ico"):
  

Rendered /Users/paulsutcliffe/.rvm/gems/ruby-1.8.7-p352@dreamhost/gems/actionpack-3.0.3/lib/action_dispatch/middleware/templates/rescues/routing_error.erb within rescues/layout (0.6ms)


Started GET "/gigs" for 127.0.0.1 at Wed Jun 06 16:07:21 -0500 2012
  Processing by GigsController#index as HTML
  [1m[36mGig Load (0.4ms)[0m  [1mSELECT `gigs`.* FROM `gigs`[0m
Rendered gigs/index.html.erb within layouts/application (8.2ms)
Completed 200 OK in 82ms (Views: 20.5ms | ActiveRecord: 0.4ms)


Started GET "/favicon.ico" for 127.0.0.1 at Wed Jun 06 16:07:21 -0500 2012

ActionController::RoutingError (No route matches "/favicon.ico"):
  

Rendered /Users/paulsutcliffe/.rvm/gems/ruby-1.8.7-p352@dreamhost/gems/actionpack-3.0.3/lib/action_dispatch/middleware/templates/rescues/routing_error.erb within rescues/layout (0.7ms)


Started GET "/gigs/1/edit" for 127.0.0.1 at Wed Jun 06 16:07:24 -0500 2012
  Processing by GigsController#edit as HTML
  Parameters: {"id"=>"1"}
  [1m[35mGig Load (0.5ms)[0m  SELECT `gigs`.* FROM `gigs` WHERE (`gigs`.`id` = 1) LIMIT 1
Rendered gigs/_form.html.erb (9.1ms)
Rendered gigs/edit.html.erb within layouts/application (12.3ms)
Completed 200 OK in 37ms (Views: 32.3ms | ActiveRecord: 0.5ms)


Started GET "/favicon.ico" for 127.0.0.1 at Wed Jun 06 16:07:24 -0500 2012

ActionController::RoutingError (No route matches "/favicon.ico"):
  

Rendered /Users/paulsutcliffe/.rvm/gems/ruby-1.8.7-p352@dreamhost/gems/actionpack-3.0.3/lib/action_dispatch/middleware/templates/rescues/routing_error.erb within rescues/layout (0.7ms)


Started POST "/gigs/1" for 127.0.0.1 at Wed Jun 06 16:07:32 -0500 2012
  Processing by GigsController#update as HTML
  Parameters: {"commit"=>"Update Gig", "authenticity_token"=>"sAi3gH5Ju6m/EJTLCHEvz6bDF8slOKeGFJjKGzcMeNc=", "utf8"=>"✓", "gig"=>{"name"=>"Bizarro", "date(1i)"=>"2012", "date(2i)"=>"6", "date(3i)"=>"23", "link"=>"http://www.facebook.com/djpaulsutcliffe", "place"=>"Miraflores, Lima."}, "id"=>"1"}
  [1m[36mGig Load (0.2ms)[0m  [1mSELECT `gigs`.* FROM `gigs` WHERE (`gigs`.`id` = 1) LIMIT 1[0m
  [1m[35mSQL (0.1ms)[0m  BEGIN
  [1m[36mAREL (0.3ms)[0m  [1mUPDATE `gigs` SET `link` = 'http://www.facebook.com/djpaulsutcliffe', `updated_at` = '2012-06-06 21:07:32' WHERE (`gigs`.`id` = 1)[0m
  [1m[35mSQL (0.4ms)[0m  COMMIT
Redirected to http://localhost:3000/gigs/1
Completed 302 Found in 28ms


Started GET "/gigs/1" for 127.0.0.1 at Wed Jun 06 16:07:32 -0500 2012
  Processing by GigsController#show as HTML
  Parameters: {"id"=>"1"}
  [1m[36mGig Load (0.2ms)[0m  [1mSELECT `gigs`.* FROM `gigs` WHERE (`gigs`.`id` = 1) LIMIT 1[0m
Rendered gigs/show.html.erb within layouts/application (6.3ms)
Completed 200 OK in 23ms (Views: 19.2ms | ActiveRecord: 0.2ms)


Started GET "/favicon.ico" for 127.0.0.1 at Wed Jun 06 16:07:33 -0500 2012

ActionController::RoutingError (No route matches "/favicon.ico"):
  

Rendered /Users/paulsutcliffe/.rvm/gems/ruby-1.8.7-p352@dreamhost/gems/actionpack-3.0.3/lib/action_dispatch/middleware/templates/rescues/routing_error.erb within rescues/layout (0.7ms)


Started GET "/gigs" for 127.0.0.1 at Wed Jun 06 16:07:34 -0500 2012
  Processing by GigsController#index as HTML
  [1m[35mGig Load (0.3ms)[0m  SELECT `gigs`.* FROM `gigs`
Rendered gigs/index.html.erb within layouts/application (7.7ms)
Completed 200 OK in 22ms (Views: 20.7ms | ActiveRecord: 0.3ms)


Started GET "/favicon.ico" for 127.0.0.1 at Wed Jun 06 16:07:34 -0500 2012

ActionController::RoutingError (No route matches "/favicon.ico"):
  

Rendered /Users/paulsutcliffe/.rvm/gems/ruby-1.8.7-p352@dreamhost/gems/actionpack-3.0.3/lib/action_dispatch/middleware/templates/rescues/routing_error.erb within rescues/layout (0.7ms)


Started GET "/" for 127.0.0.1 at Wed Jun 06 16:07:37 -0500 2012
  Processing by HomeController#index as HTML
  [1m[36mGig Load (0.3ms)[0m  [1mSELECT `gigs`.* FROM `gigs` ORDER BY date LIMIT 6[0m
Rendered home/index.html.erb within layouts/application (6.3ms)
Completed 200 OK in 21ms (Views: 14.1ms | ActiveRecord: 0.3ms)


Started GET "/favicon.ico" for 127.0.0.1 at Wed Jun 06 16:07:37 -0500 2012

ActionController::RoutingError (No route matches "/favicon.ico"):
  

Rendered /Users/paulsutcliffe/.rvm/gems/ruby-1.8.7-p352@dreamhost/gems/actionpack-3.0.3/lib/action_dispatch/middleware/templates/rescues/routing_error.erb within rescues/layout (0.6ms)


Started GET "/metas" for 127.0.0.1 at Wed Jun 06 16:10:54 -0500 2012
  Processing by MetasController#index as HTML
  [1m[35mMeta Load (0.3ms)[0m  SELECT `metas`.* FROM `metas`
Rendered metas/index.html.erb within layouts/application (2.9ms)
Completed 200 OK in 30ms (Views: 28.7ms | ActiveRecord: 0.3ms)


Started GET "/favicon.ico" for 127.0.0.1 at Wed Jun 06 16:10:54 -0500 2012

ActionController::RoutingError (No route matches "/favicon.ico"):
  

Rendered /Users/paulsutcliffe/.rvm/gems/ruby-1.8.7-p352@dreamhost/gems/actionpack-3.0.3/lib/action_dispatch/middleware/templates/rescues/routing_error.erb within rescues/layout (0.7ms)


Started GET "/metas/new" for 127.0.0.1 at Wed Jun 06 16:10:58 -0500 2012
  Processing by MetasController#new as HTML
Rendered metas/_form.html.erb (5.6ms)
Rendered metas/new.html.erb within layouts/application (9.7ms)
Completed 200 OK in 49ms (Views: 45.3ms | ActiveRecord: 0.0ms)


Started GET "/favicon.ico" for 127.0.0.1 at Wed Jun 06 16:10:58 -0500 2012

ActionController::RoutingError (No route matches "/favicon.ico"):
  

Rendered /Users/paulsutcliffe/.rvm/gems/ruby-1.8.7-p352@dreamhost/gems/actionpack-3.0.3/lib/action_dispatch/middleware/templates/rescues/routing_error.erb within rescues/layout (0.8ms)


Started GET "/" for 127.0.0.1 at Wed Jun 06 18:46:48 -0500 2012
  Processing by HomeController#index as HTML
  [1m[36mGig Load (0.3ms)[0m  [1mSELECT `gigs`.* FROM `gigs` ORDER BY date LIMIT 6[0m
Rendered home/index.html.erb within layouts/application (6.2ms)
Completed 200 OK in 20ms (Views: 13.8ms | ActiveRecord: 0.3ms)


Started GET "/favicon.ico" for 127.0.0.1 at Wed Jun 06 18:46:48 -0500 2012

ActionController::RoutingError (No route matches "/favicon.ico"):
  

Rendered /Users/paulsutcliffe/.rvm/gems/ruby-1.8.7-p352@dreamhost/gems/actionpack-3.0.3/lib/action_dispatch/middleware/templates/rescues/routing_error.erb within rescues/layout (0.6ms)
  [1m[36mSQL (0.3ms)[0m  [1mSHOW TABLES[0m
  [1m[35mSQL (0.2ms)[0m  SHOW TABLES
  [1m[36mSQL (0.2ms)[0m  [1mSELECT `schema_migrations`.`version` FROM `schema_migrations`[0m
  [1m[35mSQL (0.1ms)[0m  BEGIN
  [1m[36mSQL (1.5ms)[0m  [1mdescribe `metas`[0m
  [1m[35mAREL (0.2ms)[0m  INSERT INTO `metas` (`keywords`, `updated_at`, `description`, `created_at`) VALUES ('Deep House Music, Funk, Clubs', '2012-06-06 23:55:31', 'Dj Paul Sutcliffe, 8 years making the crowd jump all night.', '2012-06-06 23:55:31')
  [1m[36mSQL (0.4ms)[0m  [1mCOMMIT[0m
  [1m[35mSQL (0.1ms)[0m  BEGIN
  [1m[36mSQL (2.0ms)[0m  [1mdescribe `gigs`[0m
  [1m[35mAREL (0.2ms)[0m  INSERT INTO `gigs` (`image_file_size`, `date`, `place`, `image_content_type`, `image_updated_at`, `link`, `updated_at`, `image_file_name`, `created_at`, `name`) VALUES (NULL, '2012-06-30', 'Miraflores, Lima.', NULL, NULL, 'http://www.facebook.com/djpaulsutcliffe', '2012-06-06 23:55:31', NULL, '2012-06-06 23:55:31', 'Bizarro, #{i}')
  [1m[36mAREL (0.1ms)[0m  [1mINSERT INTO `gigs` (`image_file_size`, `date`, `place`, `image_content_type`, `image_updated_at`, `link`, `updated_at`, `image_file_name`, `created_at`, `name`) VALUES (NULL, '2012-06-30', 'Miraflores, Lima.', NULL, NULL, 'http://www.facebook.com/djpaulsutcliffe', '2012-06-06 23:55:31', NULL, '2012-06-06 23:55:31', 'Bizarro, #{i}')[0m
  [1m[35mAREL (0.1ms)[0m  INSERT INTO `gigs` (`image_file_size`, `date`, `place`, `image_content_type`, `image_updated_at`, `link`, `updated_at`, `image_file_name`, `created_at`, `name`) VALUES (NULL, '2012-06-30', 'Miraflores, Lima.', NULL, NULL, 'http://www.facebook.com/djpaulsutcliffe', '2012-06-06 23:55:31', NULL, '2012-06-06 23:55:31', 'Bizarro, #{i}')
  [1m[36mAREL (0.1ms)[0m  [1mINSERT INTO `gigs` (`image_file_size`, `date`, `place`, `image_content_type`, `image_updated_at`, `link`, `updated_at`, `image_file_name`, `created_at`, `name`) VALUES (NULL, '2012-06-30', 'Miraflores, Lima.', NULL, NULL, 'http://www.facebook.com/djpaulsutcliffe', '2012-06-06 23:55:31', NULL, '2012-06-06 23:55:31', 'Bizarro, #{i}')[0m
  [1m[35mAREL (0.1ms)[0m  INSERT INTO `gigs` (`image_file_size`, `date`, `place`, `image_content_type`, `image_updated_at`, `link`, `updated_at`, `image_file_name`, `created_at`, `name`) VALUES (NULL, '2012-06-30', 'Miraflores, Lima.', NULL, NULL, 'http://www.facebook.com/djpaulsutcliffe', '2012-06-06 23:55:31', NULL, '2012-06-06 23:55:31', 'Bizarro, #{i}')
  [1m[36mAREL (0.1ms)[0m  [1mINSERT INTO `gigs` (`image_file_size`, `date`, `place`, `image_content_type`, `image_updated_at`, `link`, `updated_at`, `image_file_name`, `created_at`, `name`) VALUES (NULL, '2012-06-30', 'Miraflores, Lima.', NULL, NULL, 'http://www.facebook.com/djpaulsutcliffe', '2012-06-06 23:55:31', NULL, '2012-06-06 23:55:31', 'Bizarro, #{i}')[0m
  [1m[35mAREL (0.1ms)[0m  INSERT INTO `gigs` (`image_file_size`, `date`, `place`, `image_content_type`, `image_updated_at`, `link`, `updated_at`, `image_file_name`, `created_at`, `name`) VALUES (NULL, '2012-06-30', 'Miraflores, Lima.', NULL, NULL, 'http://www.facebook.com/djpaulsutcliffe', '2012-06-06 23:55:31', NULL, '2012-06-06 23:55:31', 'Bizarro, #{i}')
  [1m[36mAREL (0.1ms)[0m  [1mINSERT INTO `gigs` (`image_file_size`, `date`, `place`, `image_content_type`, `image_updated_at`, `link`, `updated_at`, `image_file_name`, `created_at`, `name`) VALUES (NULL, '2012-06-30', 'Miraflores, Lima.', NULL, NULL, 'http://www.facebook.com/djpaulsutcliffe', '2012-06-06 23:55:31', NULL, '2012-06-06 23:55:31', 'Bizarro, #{i}')[0m
  [1m[35mAREL (0.1ms)[0m  INSERT INTO `gigs` (`image_file_size`, `date`, `place`, `image_content_type`, `image_updated_at`, `link`, `updated_at`, `image_file_name`, `created_at`, `name`) VALUES (NULL, '2012-06-30', 'Miraflores, Lima.', NULL, NULL, 'http://www.facebook.com/djpaulsutcliffe', '2012-06-06 23:55:31', NULL, '2012-06-06 23:55:31', 'Bizarro, #{i}')
  [1m[36mAREL (0.1ms)[0m  [1mINSERT INTO `gigs` (`image_file_size`, `date`, `place`, `image_content_type`, `image_updated_at`, `link`, `updated_at`, `image_file_name`, `created_at`, `name`) VALUES (NULL, '2012-06-30', 'Miraflores, Lima.', NULL, NULL, 'http://www.facebook.com/djpaulsutcliffe', '2012-06-06 23:55:31', NULL, '2012-06-06 23:55:31', 'Bizarro, #{i}')[0m
  [1m[35mAREL (0.1ms)[0m  INSERT INTO `gigs` (`image_file_size`, `date`, `place`, `image_content_type`, `image_updated_at`, `link`, `updated_at`, `image_file_name`, `created_at`, `name`) VALUES (NULL, '2012-06-30', 'Miraflores, Lima.', NULL, NULL, 'http://www.facebook.com/djpaulsutcliffe', '2012-06-06 23:55:31', NULL, '2012-06-06 23:55:31', 'Bizarro, #{i}')
  [1m[36mAREL (0.1ms)[0m  [1mINSERT INTO `gigs` (`image_file_size`, `date`, `place`, `image_content_type`, `image_updated_at`, `link`, `updated_at`, `image_file_name`, `created_at`, `name`) VALUES (NULL, '2012-06-30', 'Miraflores, Lima.', NULL, NULL, 'http://www.facebook.com/djpaulsutcliffe', '2012-06-06 23:55:31', NULL, '2012-06-06 23:55:31', 'Bizarro, #{i}')[0m
  [1m[35mAREL (0.1ms)[0m  INSERT INTO `gigs` (`image_file_size`, `date`, `place`, `image_content_type`, `image_updated_at`, `link`, `updated_at`, `image_file_name`, `created_at`, `name`) VALUES (NULL, '2012-06-30', 'Miraflores, Lima.', NULL, NULL, 'http://www.facebook.com/djpaulsutcliffe', '2012-06-06 23:55:31', NULL, '2012-06-06 23:55:31', 'Bizarro, #{i}')
  [1m[36mAREL (0.1ms)[0m  [1mINSERT INTO `gigs` (`image_file_size`, `date`, `place`, `image_content_type`, `image_updated_at`, `link`, `updated_at`, `image_file_name`, `created_at`, `name`) VALUES (NULL, '2012-06-30', 'Miraflores, Lima.', NULL, NULL, 'http://www.facebook.com/djpaulsutcliffe', '2012-06-06 23:55:31', NULL, '2012-06-06 23:55:31', 'Bizarro, #{i}')[0m
  [1m[35mAREL (0.1ms)[0m  INSERT INTO `gigs` (`image_file_size`, `date`, `place`, `image_content_type`, `image_updated_at`, `link`, `updated_at`, `image_file_name`, `created_at`, `name`) VALUES (NULL, '2012-06-30', 'Miraflores, Lima.', NULL, NULL, 'http://www.facebook.com/djpaulsutcliffe', '2012-06-06 23:55:31', NULL, '2012-06-06 23:55:31', 'Bizarro, #{i}')
  [1m[36mAREL (0.1ms)[0m  [1mINSERT INTO `gigs` (`image_file_size`, `date`, `place`, `image_content_type`, `image_updated_at`, `link`, `updated_at`, `image_file_name`, `created_at`, `name`) VALUES (NULL, '2012-06-30', 'Miraflores, Lima.', NULL, NULL, 'http://www.facebook.com/djpaulsutcliffe', '2012-06-06 23:55:31', NULL, '2012-06-06 23:55:31', 'Bizarro, #{i}')[0m
  [1m[35mAREL (0.1ms)[0m  INSERT INTO `gigs` (`image_file_size`, `date`, `place`, `image_content_type`, `image_updated_at`, `link`, `updated_at`, `image_file_name`, `created_at`, `name`) VALUES (NULL, '2012-06-30', 'Miraflores, Lima.', NULL, NULL, 'http://www.facebook.com/djpaulsutcliffe', '2012-06-06 23:55:31', NULL, '2012-06-06 23:55:31', 'Bizarro, #{i}')
  [1m[36mAREL (0.1ms)[0m  [1mINSERT INTO `gigs` (`image_file_size`, `date`, `place`, `image_content_type`, `image_updated_at`, `link`, `updated_at`, `image_file_name`, `created_at`, `name`) VALUES (NULL, '2012-06-30', 'Miraflores, Lima.', NULL, NULL, 'http://www.facebook.com/djpaulsutcliffe', '2012-06-06 23:55:31', NULL, '2012-06-06 23:55:31', 'Bizarro, #{i}')[0m
  [1m[35mAREL (0.1ms)[0m  INSERT INTO `gigs` (`image_file_size`, `date`, `place`, `image_content_type`, `image_updated_at`, `link`, `updated_at`, `image_file_name`, `created_at`, `name`) VALUES (NULL, '2012-06-30', 'Miraflores, Lima.', NULL, NULL, 'http://www.facebook.com/djpaulsutcliffe', '2012-06-06 23:55:31', NULL, '2012-06-06 23:55:31', 'Bizarro, #{i}')
  [1m[36mAREL (0.1ms)[0m  [1mINSERT INTO `gigs` (`image_file_size`, `date`, `place`, `image_content_type`, `image_updated_at`, `link`, `updated_at`, `image_file_name`, `created_at`, `name`) VALUES (NULL, '2012-06-30', 'Miraflores, Lima.', NULL, NULL, 'http://www.facebook.com/djpaulsutcliffe', '2012-06-06 23:55:31', NULL, '2012-06-06 23:55:31', 'Bizarro, #{i}')[0m
  [1m[35mAREL (0.1ms)[0m  INSERT INTO `gigs` (`image_file_size`, `date`, `place`, `image_content_type`, `image_updated_at`, `link`, `updated_at`, `image_file_name`, `created_at`, `name`) VALUES (NULL, '2012-06-30', 'Miraflores, Lima.', NULL, NULL, 'http://www.facebook.com/djpaulsutcliffe', '2012-06-06 23:55:31', NULL, '2012-06-06 23:55:31', 'Bizarro, #{i}')
  [1m[36mAREL (0.1ms)[0m  [1mINSERT INTO `gigs` (`image_file_size`, `date`, `place`, `image_content_type`, `image_updated_at`, `link`, `updated_at`, `image_file_name`, `created_at`, `name`) VALUES (NULL, '2012-06-30', 'Miraflores, Lima.', NULL, NULL, 'http://www.facebook.com/djpaulsutcliffe', '2012-06-06 23:55:31', NULL, '2012-06-06 23:55:31', 'Bizarro, #{i}')[0m
  [1m[35mAREL (0.1ms)[0m  INSERT INTO `gigs` (`image_file_size`, `date`, `place`, `image_content_type`, `image_updated_at`, `link`, `updated_at`, `image_file_name`, `created_at`, `name`) VALUES (NULL, '2012-06-30', 'Miraflores, Lima.', NULL, NULL, 'http://www.facebook.com/djpaulsutcliffe', '2012-06-06 23:55:31', NULL, '2012-06-06 23:55:31', 'Bizarro, #{i}')
  [1m[36mAREL (0.1ms)[0m  [1mINSERT INTO `gigs` (`image_file_size`, `date`, `place`, `image_content_type`, `image_updated_at`, `link`, `updated_at`, `image_file_name`, `created_at`, `name`) VALUES (NULL, '2012-06-30', 'Miraflores, Lima.', NULL, NULL, 'http://www.facebook.com/djpaulsutcliffe', '2012-06-06 23:55:31', NULL, '2012-06-06 23:55:31', 'Bizarro, #{i}')[0m
  [1m[35mAREL (0.1ms)[0m  INSERT INTO `gigs` (`image_file_size`, `date`, `place`, `image_content_type`, `image_updated_at`, `link`, `updated_at`, `image_file_name`, `created_at`, `name`) VALUES (NULL, '2012-06-30', 'Miraflores, Lima.', NULL, NULL, 'http://www.facebook.com/djpaulsutcliffe', '2012-06-06 23:55:31', NULL, '2012-06-06 23:55:31', 'Bizarro, #{i}')
  [1m[36mAREL (0.1ms)[0m  [1mINSERT INTO `gigs` (`image_file_size`, `date`, `place`, `image_content_type`, `image_updated_at`, `link`, `updated_at`, `image_file_name`, `created_at`, `name`) VALUES (NULL, '2012-06-30', 'Miraflores, Lima.', NULL, NULL, 'http://www.facebook.com/djpaulsutcliffe', '2012-06-06 23:55:31', NULL, '2012-06-06 23:55:31', 'Bizarro, #{i}')[0m
  [1m[35mAREL (0.1ms)[0m  INSERT INTO `gigs` (`image_file_size`, `date`, `place`, `image_content_type`, `image_updated_at`, `link`, `updated_at`, `image_file_name`, `created_at`, `name`) VALUES (NULL, '2012-06-30', 'Miraflores, Lima.', NULL, NULL, 'http://www.facebook.com/djpaulsutcliffe', '2012-06-06 23:55:31', NULL, '2012-06-06 23:55:31', 'Bizarro, #{i}')
  [1m[36mAREL (0.1ms)[0m  [1mINSERT INTO `gigs` (`image_file_size`, `date`, `place`, `image_content_type`, `image_updated_at`, `link`, `updated_at`, `image_file_name`, `created_at`, `name`) VALUES (NULL, '2012-06-30', 'Miraflores, Lima.', NULL, NULL, 'http://www.facebook.com/djpaulsutcliffe', '2012-06-06 23:55:31', NULL, '2012-06-06 23:55:31', 'Bizarro, #{i}')[0m
  [1m[35mAREL (0.1ms)[0m  INSERT INTO `gigs` (`image_file_size`, `date`, `place`, `image_content_type`, `image_updated_at`, `link`, `updated_at`, `image_file_name`, `created_at`, `name`) VALUES (NULL, '2012-06-30', 'Miraflores, Lima.', NULL, NULL, 'http://www.facebook.com/djpaulsutcliffe', '2012-06-06 23:55:31', NULL, '2012-06-06 23:55:31', 'Bizarro, #{i}')
  [1m[36mAREL (0.1ms)[0m  [1mINSERT INTO `gigs` (`image_file_size`, `date`, `place`, `image_content_type`, `image_updated_at`, `link`, `updated_at`, `image_file_name`, `created_at`, `name`) VALUES (NULL, '2012-06-30', 'Miraflores, Lima.', NULL, NULL, 'http://www.facebook.com/djpaulsutcliffe', '2012-06-06 23:55:31', NULL, '2012-06-06 23:55:31', 'Bizarro, #{i}')[0m
  [1m[35mSQL (0.4ms)[0m  COMMIT


Started GET "/" for 127.0.0.1 at Wed Jun 06 18:55:39 -0500 2012
  Processing by HomeController#index as HTML
  [1m[36mGig Load (0.4ms)[0m  [1mSELECT `gigs`.* FROM `gigs` ORDER BY date LIMIT 6[0m
Rendered home/index.html.erb within layouts/application (9.3ms)
Completed 200 OK in 26ms (Views: 17.6ms | ActiveRecord: 0.4ms)


Started GET "/favicon.ico" for 127.0.0.1 at Wed Jun 06 18:55:39 -0500 2012

ActionController::RoutingError (No route matches "/favicon.ico"):
  

Rendered /Users/paulsutcliffe/.rvm/gems/ruby-1.8.7-p352@dreamhost/gems/actionpack-3.0.3/lib/action_dispatch/middleware/templates/rescues/routing_error.erb within rescues/layout (0.7ms)
  [1m[36mSQL (0.2ms)[0m  [1mSHOW TABLES[0m
  [1m[35mSQL (53.9ms)[0m  CREATE TABLE `schema_migrations` (`version` varchar(255) NOT NULL) ENGINE=InnoDB
  [1m[36mSQL (0.5ms)[0m  [1mSHOW KEYS FROM `schema_migrations`[0m
  [1m[35mSQL (183.5ms)[0m  CREATE UNIQUE INDEX `unique_schema_migrations` ON `schema_migrations` (`version`)
  [1m[36mSQL (0.3ms)[0m  [1mSHOW TABLES[0m
  [1m[35mSQL (0.2ms)[0m  SHOW TABLES
  [1m[36mSQL (0.1ms)[0m  [1mSELECT `schema_migrations`.`version` FROM `schema_migrations`[0m
Migrating to CreateMetas (20120602223759)
  [1m[35mSQL (112.5ms)[0m  CREATE TABLE `metas` (`id` int(11) DEFAULT NULL auto_increment PRIMARY KEY, `keywords` varchar(255), `description` text, `created_at` datetime, `updated_at` datetime) ENGINE=InnoDB
  [1m[36mSQL (0.5ms)[0m  [1mINSERT INTO `schema_migrations` (`version`) VALUES ('20120602223759')[0m
Migrating to CreateGigs (20120602224023)
  [1m[35mSQL (127.7ms)[0m  CREATE TABLE `gigs` (`id` int(11) DEFAULT NULL auto_increment PRIMARY KEY, `name` varchar(255), `place` varchar(255), `link` varchar(255), `date` date, `created_at` datetime, `updated_at` datetime) ENGINE=InnoDB
  [1m[36mSQL (0.5ms)[0m  [1mINSERT INTO `schema_migrations` (`version`) VALUES ('20120602224023')[0m
Migrating to AddAttachmentImageToGig (20120602224051)
  [1m[35mSQL (109.8ms)[0m  ALTER TABLE `gigs` ADD `image_file_name` varchar(255)
  [1m[36mSQL (121.5ms)[0m  [1mALTER TABLE `gigs` ADD `image_content_type` varchar(255)[0m
  [1m[35mSQL (99.9ms)[0m  ALTER TABLE `gigs` ADD `image_file_size` int(11)
  [1m[36mSQL (100.4ms)[0m  [1mALTER TABLE `gigs` ADD `image_updated_at` datetime[0m
  [1m[35mSQL (0.5ms)[0m  INSERT INTO `schema_migrations` (`version`) VALUES ('20120602224051')
Migrating to CreateScwidgets (20120602224256)
  [1m[36mSQL (116.3ms)[0m  [1mCREATE TABLE `scwidgets` (`id` int(11) DEFAULT NULL auto_increment PRIMARY KEY, `reference` varchar(255), `created_at` datetime, `updated_at` datetime) ENGINE=InnoDB[0m
  [1m[35mSQL (0.6ms)[0m  INSERT INTO `schema_migrations` (`version`) VALUES ('20120602224256')
  [1m[36mSQL (0.4ms)[0m  [1mSHOW TABLES[0m
  [1m[35mSQL (0.2ms)[0m  SELECT `schema_migrations`.`version` FROM `schema_migrations`
  [1m[36mSQL (0.3ms)[0m  [1mSHOW TABLES[0m
  [1m[35mSQL (2.0ms)[0m  describe `gigs`
  [1m[36mSQL (0.2ms)[0m  [1mSHOW KEYS FROM `gigs`[0m
  [1m[35mSQL (1.4ms)[0m  describe `metas`
  [1m[36mSQL (0.2ms)[0m  [1mSHOW KEYS FROM `metas`[0m
  [1m[35mSQL (1.2ms)[0m  describe `scwidgets`
  [1m[36mSQL (0.2ms)[0m  [1mSHOW KEYS FROM `scwidgets`[0m
  [1m[36mSQL (0.3ms)[0m  [1mSHOW TABLES[0m
  [1m[35mSQL (0.2ms)[0m  SHOW TABLES
  [1m[36mSQL (0.2ms)[0m  [1mSELECT `schema_migrations`.`version` FROM `schema_migrations`[0m
  [1m[35mSQL (0.1ms)[0m  BEGIN
  [1m[36mSQL (1.4ms)[0m  [1mdescribe `metas`[0m
  [1m[35mAREL (0.2ms)[0m  INSERT INTO `metas` (`keywords`, `updated_at`, `created_at`, `description`) VALUES ('Deep House Music, Funk, Clubs', '2012-06-07 00:00:15', '2012-06-07 00:00:15', 'Dj Paul Sutcliffe, 8 years making the crowd jump all night.')
  [1m[36mSQL (0.3ms)[0m  [1mCOMMIT[0m
  [1m[35mSQL (0.1ms)[0m  BEGIN
  [1m[36mSQL (2.0ms)[0m  [1mdescribe `gigs`[0m
  [1m[35mAREL (0.2ms)[0m  INSERT INTO `gigs` (`link`, `image_file_size`, `created_at`, `image_content_type`, `place`, `image_updated_at`, `image_file_name`, `date`, `name`, `updated_at`) VALUES ('http://www.facebook.com/djpaulsutcliffe', NULL, '2012-06-07 00:00:15', NULL, 'Miraflores, Lima.', NULL, NULL, '2012-06-30', 'Bizarro 1', '2012-06-07 00:00:15')
  [1m[36mAREL (0.1ms)[0m  [1mINSERT INTO `gigs` (`link`, `image_file_size`, `created_at`, `image_content_type`, `place`, `image_updated_at`, `image_file_name`, `date`, `name`, `updated_at`) VALUES ('http://www.facebook.com/djpaulsutcliffe', NULL, '2012-06-07 00:00:15', NULL, 'Miraflores, Lima.', NULL, NULL, '2012-06-30', 'Bizarro 2', '2012-06-07 00:00:15')[0m
  [1m[35mAREL (0.1ms)[0m  INSERT INTO `gigs` (`link`, `image_file_size`, `created_at`, `image_content_type`, `place`, `image_updated_at`, `image_file_name`, `date`, `name`, `updated_at`) VALUES ('http://www.facebook.com/djpaulsutcliffe', NULL, '2012-06-07 00:00:15', NULL, 'Miraflores, Lima.', NULL, NULL, '2012-06-30', 'Bizarro 3', '2012-06-07 00:00:15')
  [1m[36mAREL (0.1ms)[0m  [1mINSERT INTO `gigs` (`link`, `image_file_size`, `created_at`, `image_content_type`, `place`, `image_updated_at`, `image_file_name`, `date`, `name`, `updated_at`) VALUES ('http://www.facebook.com/djpaulsutcliffe', NULL, '2012-06-07 00:00:15', NULL, 'Miraflores, Lima.', NULL, NULL, '2012-06-30', 'Bizarro 4', '2012-06-07 00:00:15')[0m
  [1m[35mAREL (0.1ms)[0m  INSERT INTO `gigs` (`link`, `image_file_size`, `created_at`, `image_content_type`, `place`, `image_updated_at`, `image_file_name`, `date`, `name`, `updated_at`) VALUES ('http://www.facebook.com/djpaulsutcliffe', NULL, '2012-06-07 00:00:15', NULL, 'Miraflores, Lima.', NULL, NULL, '2012-06-30', 'Bizarro 5', '2012-06-07 00:00:15')
  [1m[36mAREL (0.1ms)[0m  [1mINSERT INTO `gigs` (`link`, `image_file_size`, `created_at`, `image_content_type`, `place`, `image_updated_at`, `image_file_name`, `date`, `name`, `updated_at`) VALUES ('http://www.facebook.com/djpaulsutcliffe', NULL, '2012-06-07 00:00:15', NULL, 'Miraflores, Lima.', NULL, NULL, '2012-06-30', 'Bizarro 6', '2012-06-07 00:00:15')[0m
  [1m[35mAREL (0.1ms)[0m  INSERT INTO `gigs` (`link`, `image_file_size`, `created_at`, `image_content_type`, `place`, `image_updated_at`, `image_file_name`, `date`, `name`, `updated_at`) VALUES ('http://www.facebook.com/djpaulsutcliffe', NULL, '2012-06-07 00:00:15', NULL, 'Miraflores, Lima.', NULL, NULL, '2012-06-30', 'Bizarro 7', '2012-06-07 00:00:15')
  [1m[36mAREL (0.1ms)[0m  [1mINSERT INTO `gigs` (`link`, `image_file_size`, `created_at`, `image_content_type`, `place`, `image_updated_at`, `image_file_name`, `date`, `name`, `updated_at`) VALUES ('http://www.facebook.com/djpaulsutcliffe', NULL, '2012-06-07 00:00:15', NULL, 'Miraflores, Lima.', NULL, NULL, '2012-06-30', 'Bizarro 8', '2012-06-07 00:00:15')[0m
  [1m[35mAREL (0.1ms)[0m  INSERT INTO `gigs` (`link`, `image_file_size`, `created_at`, `image_content_type`, `place`, `image_updated_at`, `image_file_name`, `date`, `name`, `updated_at`) VALUES ('http://www.facebook.com/djpaulsutcliffe', NULL, '2012-06-07 00:00:15', NULL, 'Miraflores, Lima.', NULL, NULL, '2012-06-30', 'Bizarro 9', '2012-06-07 00:00:15')
  [1m[36mAREL (0.1ms)[0m  [1mINSERT INTO `gigs` (`link`, `image_file_size`, `created_at`, `image_content_type`, `place`, `image_updated_at`, `image_file_name`, `date`, `name`, `updated_at`) VALUES ('http://www.facebook.com/djpaulsutcliffe', NULL, '2012-06-07 00:00:15', NULL, 'Miraflores, Lima.', NULL, NULL, '2012-06-30', 'Bizarro 10', '2012-06-07 00:00:15')[0m
  [1m[35mAREL (0.1ms)[0m  INSERT INTO `gigs` (`link`, `image_file_size`, `created_at`, `image_content_type`, `place`, `image_updated_at`, `image_file_name`, `date`, `name`, `updated_at`) VALUES ('http://www.facebook.com/djpaulsutcliffe', NULL, '2012-06-07 00:00:15', NULL, 'Miraflores, Lima.', NULL, NULL, '2012-06-30', 'Bizarro 11', '2012-06-07 00:00:15')
  [1m[36mAREL (0.1ms)[0m  [1mINSERT INTO `gigs` (`link`, `image_file_size`, `created_at`, `image_content_type`, `place`, `image_updated_at`, `image_file_name`, `date`, `name`, `updated_at`) VALUES ('http://www.facebook.com/djpaulsutcliffe', NULL, '2012-06-07 00:00:15', NULL, 'Miraflores, Lima.', NULL, NULL, '2012-06-30', 'Bizarro 12', '2012-06-07 00:00:15')[0m
  [1m[35mAREL (0.1ms)[0m  INSERT INTO `gigs` (`link`, `image_file_size`, `created_at`, `image_content_type`, `place`, `image_updated_at`, `image_file_name`, `date`, `name`, `updated_at`) VALUES ('http://www.facebook.com/djpaulsutcliffe', NULL, '2012-06-07 00:00:15', NULL, 'Miraflores, Lima.', NULL, NULL, '2012-06-30', 'Bizarro 13', '2012-06-07 00:00:15')
  [1m[36mAREL (0.1ms)[0m  [1mINSERT INTO `gigs` (`link`, `image_file_size`, `created_at`, `image_content_type`, `place`, `image_updated_at`, `image_file_name`, `date`, `name`, `updated_at`) VALUES ('http://www.facebook.com/djpaulsutcliffe', NULL, '2012-06-07 00:00:15', NULL, 'Miraflores, Lima.', NULL, NULL, '2012-06-30', 'Bizarro 14', '2012-06-07 00:00:15')[0m
  [1m[35mAREL (0.1ms)[0m  INSERT INTO `gigs` (`link`, `image_file_size`, `created_at`, `image_content_type`, `place`, `image_updated_at`, `image_file_name`, `date`, `name`, `updated_at`) VALUES ('http://www.facebook.com/djpaulsutcliffe', NULL, '2012-06-07 00:00:15', NULL, 'Miraflores, Lima.', NULL, NULL, '2012-06-30', 'Bizarro 15', '2012-06-07 00:00:15')
  [1m[36mAREL (0.1ms)[0m  [1mINSERT INTO `gigs` (`link`, `image_file_size`, `created_at`, `image_content_type`, `place`, `image_updated_at`, `image_file_name`, `date`, `name`, `updated_at`) VALUES ('http://www.facebook.com/djpaulsutcliffe', NULL, '2012-06-07 00:00:15', NULL, 'Miraflores, Lima.', NULL, NULL, '2012-06-30', 'Bizarro 16', '2012-06-07 00:00:15')[0m
  [1m[35mAREL (0.1ms)[0m  INSERT INTO `gigs` (`link`, `image_file_size`, `created_at`, `image_content_type`, `place`, `image_updated_at`, `image_file_name`, `date`, `name`, `updated_at`) VALUES ('http://www.facebook.com/djpaulsutcliffe', NULL, '2012-06-07 00:00:15', NULL, 'Miraflores, Lima.', NULL, NULL, '2012-06-30', 'Bizarro 17', '2012-06-07 00:00:15')
  [1m[36mAREL (0.1ms)[0m  [1mINSERT INTO `gigs` (`link`, `image_file_size`, `created_at`, `image_content_type`, `place`, `image_updated_at`, `image_file_name`, `date`, `name`, `updated_at`) VALUES ('http://www.facebook.com/djpaulsutcliffe', NULL, '2012-06-07 00:00:15', NULL, 'Miraflores, Lima.', NULL, NULL, '2012-06-30', 'Bizarro 18', '2012-06-07 00:00:15')[0m
  [1m[35mAREL (0.1ms)[0m  INSERT INTO `gigs` (`link`, `image_file_size`, `created_at`, `image_content_type`, `place`, `image_updated_at`, `image_file_name`, `date`, `name`, `updated_at`) VALUES ('http://www.facebook.com/djpaulsutcliffe', NULL, '2012-06-07 00:00:15', NULL, 'Miraflores, Lima.', NULL, NULL, '2012-06-30', 'Bizarro 19', '2012-06-07 00:00:15')
  [1m[36mAREL (0.1ms)[0m  [1mINSERT INTO `gigs` (`link`, `image_file_size`, `created_at`, `image_content_type`, `place`, `image_updated_at`, `image_file_name`, `date`, `name`, `updated_at`) VALUES ('http://www.facebook.com/djpaulsutcliffe', NULL, '2012-06-07 00:00:15', NULL, 'Miraflores, Lima.', NULL, NULL, '2012-06-30', 'Bizarro 20', '2012-06-07 00:00:15')[0m
  [1m[35mAREL (0.1ms)[0m  INSERT INTO `gigs` (`link`, `image_file_size`, `created_at`, `image_content_type`, `place`, `image_updated_at`, `image_file_name`, `date`, `name`, `updated_at`) VALUES ('http://www.facebook.com/djpaulsutcliffe', NULL, '2012-06-07 00:00:15', NULL, 'Miraflores, Lima.', NULL, NULL, '2012-06-30', 'Bizarro 21', '2012-06-07 00:00:15')
  [1m[36mAREL (0.1ms)[0m  [1mINSERT INTO `gigs` (`link`, `image_file_size`, `created_at`, `image_content_type`, `place`, `image_updated_at`, `image_file_name`, `date`, `name`, `updated_at`) VALUES ('http://www.facebook.com/djpaulsutcliffe', NULL, '2012-06-07 00:00:15', NULL, 'Miraflores, Lima.', NULL, NULL, '2012-06-30', 'Bizarro 22', '2012-06-07 00:00:15')[0m
  [1m[35mAREL (0.1ms)[0m  INSERT INTO `gigs` (`link`, `image_file_size`, `created_at`, `image_content_type`, `place`, `image_updated_at`, `image_file_name`, `date`, `name`, `updated_at`) VALUES ('http://www.facebook.com/djpaulsutcliffe', NULL, '2012-06-07 00:00:15', NULL, 'Miraflores, Lima.', NULL, NULL, '2012-06-30', 'Bizarro 23', '2012-06-07 00:00:15')
  [1m[36mAREL (0.1ms)[0m  [1mINSERT INTO `gigs` (`link`, `image_file_size`, `created_at`, `image_content_type`, `place`, `image_updated_at`, `image_file_name`, `date`, `name`, `updated_at`) VALUES ('http://www.facebook.com/djpaulsutcliffe', NULL, '2012-06-07 00:00:15', NULL, 'Miraflores, Lima.', NULL, NULL, '2012-06-30', 'Bizarro 24', '2012-06-07 00:00:15')[0m
  [1m[35mAREL (0.1ms)[0m  INSERT INTO `gigs` (`link`, `image_file_size`, `created_at`, `image_content_type`, `place`, `image_updated_at`, `image_file_name`, `date`, `name`, `updated_at`) VALUES ('http://www.facebook.com/djpaulsutcliffe', NULL, '2012-06-07 00:00:15', NULL, 'Miraflores, Lima.', NULL, NULL, '2012-06-30', 'Bizarro 25', '2012-06-07 00:00:15')
  [1m[36mAREL (0.1ms)[0m  [1mINSERT INTO `gigs` (`link`, `image_file_size`, `created_at`, `image_content_type`, `place`, `image_updated_at`, `image_file_name`, `date`, `name`, `updated_at`) VALUES ('http://www.facebook.com/djpaulsutcliffe', NULL, '2012-06-07 00:00:15', NULL, 'Miraflores, Lima.', NULL, NULL, '2012-06-30', 'Bizarro 26', '2012-06-07 00:00:15')[0m
  [1m[35mAREL (0.1ms)[0m  INSERT INTO `gigs` (`link`, `image_file_size`, `created_at`, `image_content_type`, `place`, `image_updated_at`, `image_file_name`, `date`, `name`, `updated_at`) VALUES ('http://www.facebook.com/djpaulsutcliffe', NULL, '2012-06-07 00:00:15', NULL, 'Miraflores, Lima.', NULL, NULL, '2012-06-30', 'Bizarro 27', '2012-06-07 00:00:15')
  [1m[36mAREL (0.1ms)[0m  [1mINSERT INTO `gigs` (`link`, `image_file_size`, `created_at`, `image_content_type`, `place`, `image_updated_at`, `image_file_name`, `date`, `name`, `updated_at`) VALUES ('http://www.facebook.com/djpaulsutcliffe', NULL, '2012-06-07 00:00:15', NULL, 'Miraflores, Lima.', NULL, NULL, '2012-06-30', 'Bizarro 28', '2012-06-07 00:00:15')[0m
  [1m[35mAREL (0.1ms)[0m  INSERT INTO `gigs` (`link`, `image_file_size`, `created_at`, `image_content_type`, `place`, `image_updated_at`, `image_file_name`, `date`, `name`, `updated_at`) VALUES ('http://www.facebook.com/djpaulsutcliffe', NULL, '2012-06-07 00:00:15', NULL, 'Miraflores, Lima.', NULL, NULL, '2012-06-30', 'Bizarro 29', '2012-06-07 00:00:15')
  [1m[36mAREL (0.1ms)[0m  [1mINSERT INTO `gigs` (`link`, `image_file_size`, `created_at`, `image_content_type`, `place`, `image_updated_at`, `image_file_name`, `date`, `name`, `updated_at`) VALUES ('http://www.facebook.com/djpaulsutcliffe', NULL, '2012-06-07 00:00:15', NULL, 'Miraflores, Lima.', NULL, NULL, '2012-06-30', 'Bizarro 30', '2012-06-07 00:00:15')[0m
  [1m[35mSQL (0.5ms)[0m  COMMIT


Started GET "/" for 127.0.0.1 at Wed Jun 06 19:00:37 -0500 2012
  Processing by HomeController#index as HTML
  [1m[36mGig Load (0.4ms)[0m  [1mSELECT `gigs`.* FROM `gigs` ORDER BY date LIMIT 6[0m
Rendered home/index.html.erb within layouts/application (9.3ms)
Completed 200 OK in 25ms (Views: 17.4ms | ActiveRecord: 0.4ms)


Started GET "/favicon.ico" for 127.0.0.1 at Wed Jun 06 19:00:37 -0500 2012

ActionController::RoutingError (No route matches "/favicon.ico"):
  

Rendered /Users/paulsutcliffe/.rvm/gems/ruby-1.8.7-p352@dreamhost/gems/actionpack-3.0.3/lib/action_dispatch/middleware/templates/rescues/routing_error.erb within rescues/layout (0.6ms)


Started GET "/" for 127.0.0.1 at Wed Jun 06 19:01:11 -0500 2012
  Processing by HomeController#index as HTML
  [1m[35mGig Load (0.4ms)[0m  SELECT `gigs`.* FROM `gigs` ORDER BY date LIMIT 6
Rendered home/index.html.erb within layouts/application (7.7ms)
Completed 200 OK in 23ms (Views: 15.6ms | ActiveRecord: 0.4ms)


Started GET "/favicon.ico" for 127.0.0.1 at Wed Jun 06 19:01:11 -0500 2012

ActionController::RoutingError (No route matches "/favicon.ico"):
  

Rendered /Users/paulsutcliffe/.rvm/gems/ruby-1.8.7-p352@dreamhost/gems/actionpack-3.0.3/lib/action_dispatch/middleware/templates/rescues/routing_error.erb within rescues/layout (0.8ms)
